<?xml version="1.0" encoding="UTF-8"?>
<!-- Generated by org.testng.reporters.JUnitReportReporter -->
<testsuite hostname="LAPTOP-DOBLN3AU" failures="0" tests="1" name="restlogging.Log_if_Error" time="3.131" errors="0" timestamp="2021-12-05T18:04:46 IST" skipped="0">
  <testcase classname="restlogging.Log_if_Error" name="log_if_error" time="3.131"/>
  <system-out/>
</testsuite> <!-- restlogging.Log_if_Error -->
