<?xml version="1.0" encoding="UTF-8"?>
<!-- Generated by org.testng.reporters.JUnitReportReporter -->
<testsuite hostname="LAPTOP-DOBLN3AU" failures="0" tests="1" name="restAPIdelete.DeleteRequest" time="3.165" errors="0" timestamp="2021-12-04T18:51:36 IST" skipped="0">
  <testcase classname="restAPIdelete.DeleteRequest" name="delete_request" time="3.165"/>
  <system-out/>
</testsuite> <!-- restAPIdelete.DeleteRequest -->
