<?xml version="1.0" encoding="UTF-8"?>
<!-- Generated by org.testng.reporters.JUnitReportReporter -->
<testsuite hostname="LAPTOP-DOBLN3AU" failures="0" tests="2" name="headersDemo.MultipleHeaderRequest1" time="5.348" errors="0" timestamp="2021-12-03T17:44:28 IST" skipped="0">
  <testcase classname="headersDemo.MultipleHeaderRequest1" name="multiple_header_test1" time="3.515"/>
  <system-out/>
  <testcase classname="headersDemo.MultipleHeaderRequest1" name="multiple_header_test2" time="1.833"/>
  <system-out/>
</testsuite> <!-- headersDemo.MultipleHeaderRequest1 -->
