<?xml version="1.0" encoding="UTF-8"?>
<!-- Generated by org.testng.reporters.JUnitReportReporter -->
<testsuite hostname="LAPTOP-DOBLN3AU" failures="0" tests="1" name="restApiBegin.ValidateResponse" time="4.641" errors="0" timestamp="2021-12-04T13:27:58 IST" skipped="0">
  <testcase classname="restApiBegin.ValidateResponse" name="validateResponseBody" time="4.641"/>
  <system-out/>
</testsuite> <!-- restApiBegin.ValidateResponse -->
