<?xml version="1.0" encoding="UTF-8"?>
<!-- Generated by org.testng.reporters.JUnitReportReporter -->
<testsuite hostname="LAPTOP-DOBLN3AU" failures="0" tests="1" name="restApiBegin.GetRequest" time="3.388" errors="0" timestamp="2021-12-04T13:12:48 IST" skipped="0">
  <testcase classname="restApiBegin.GetRequest" name="simple_get_request" time="3.388"/>
  <system-out/>
</testsuite> <!-- restApiBegin.GetRequest -->
