<?xml version="1.0" encoding="UTF-8"?>
<!-- Generated by org.testng.reporters.JUnitReportReporter -->
<testsuite hostname="LAPTOP-DOBLN3AU" failures="0" tests="1" name="restApiGET.GetRequest" time="3.768" errors="0" timestamp="2021-12-06T11:19:07 IST" skipped="0">
  <testcase classname="restApiGET.GetRequest" name="simple_get_request" time="3.768"/>
  <system-out/>
</testsuite> <!-- restApiGET.GetRequest -->
