<?xml version="1.0" encoding="UTF-8"?>
<!-- Generated by org.testng.reporters.JUnitReportReporter -->
<testsuite hostname="LAPTOP-DOBLN3AU" failures="0" tests="1" name="com.rest.instructor.Lesson3.SetupCheck" time="1.053" errors="0" timestamp="2021-11-26T16:49:13 IST" skipped="0">
  <testcase classname="com.rest.instructor.Lesson3.SetupCheck" name="setup" time="1.053"/>
  <system-out/>
</testsuite> <!-- com.rest.instructor.Lesson3.SetupCheck -->
