<?xml version="1.0" encoding="UTF-8"?>
<!-- Generated by org.testng.reporters.JUnitReportReporter -->
<testsuite hostname="LAPTOP-DOBLN3AU" failures="0" tests="1" name="projectwork.Deletereq" time="1.294" errors="0" timestamp="2021-12-07T09:44:13 IST" skipped="0">
  <testcase classname="projectwork.Deletereq" name="deletereq" time="1.294"/>
  <system-out/>
</testsuite> <!-- projectwork.Deletereq -->
