<?xml version="1.0" encoding="UTF-8"?>
<!-- Generated by org.testng.reporters.JUnitReportReporter -->
<testsuite hostname="LAPTOP-DOBLN3AU" failures="0" tests="1" name="restAPiPOST.PUTrequest" time="2.526" errors="0" timestamp="2021-12-04T18:48:50 IST" skipped="0">
  <testcase classname="restAPiPOST.PUTrequest" name="put_request_using_json_object" time="2.526"/>
  <system-out/>
</testsuite> <!-- restAPiPOST.PUTrequest -->
