<?xml version="1.0" encoding="UTF-8"?>
<!-- Generated by org.testng.reporters.JUnitReportReporter -->
<testsuite hostname="LAPTOP-DOBLN3AU" failures="0" tests="1" name="restApiBegin.VerifyStatusLine" time="3.553" errors="0" timestamp="2021-12-04T17:45:52 IST" skipped="0">
  <testcase classname="restApiBegin.VerifyStatusLine" name="ExtractResponseSingle_value" time="3.553"/>
  <system-out/>
</testsuite> <!-- restApiBegin.VerifyStatusLine -->
