<?xml version="1.0" encoding="UTF-8"?>
<!-- Generated by org.testng.reporters.JUnitReportReporter -->
<testsuite hostname="LAPTOP-DOBLN3AU" failures="0" tests="3" name="projectwork.GetbyId" time="1.601" errors="0" timestamp="2021-12-07T09:57:44 IST" skipped="0">
  <testcase classname="projectwork.GetbyId" name="getqueryparam" time="0.046"/>
  <system-out/>
  <testcase classname="projectwork.GetbyId" name="logdemo" time="0.026"/>
  <system-out/>
  <testcase classname="projectwork.GetbyId" name="getID" time="1.529"/>
  <system-out/>
</testsuite> <!-- projectwork.GetbyId -->
