<?xml version="1.0" encoding="UTF-8"?>
<!-- Generated by org.testng.reporters.JUnitReportReporter -->
<testsuite hostname="LAPTOP-DOBLN3AU" failures="0" tests="1" name="com.rest.logging.NoheadersInlog" time="2.019" errors="0" timestamp="2021-11-27T17:56:12 IST" skipped="0">
  <testcase classname="com.rest.logging.NoheadersInlog" name="validate_logging" time="2.019"/>
  <system-out/>
</testsuite> <!-- com.rest.logging.NoheadersInlog -->
