<?xml version="1.0" encoding="UTF-8"?>
<!-- Generated by org.testng.reporters.JUnitReportReporter -->
<testsuite hostname="LAPTOP-DOBLN3AU" failures="0" tests="1" name="restApiParameters.Multiple_req_param" time="1.943" errors="0" timestamp="2021-12-05T19:42:35 IST" skipped="0">
  <testcase classname="restApiParameters.Multiple_req_param" name="Multiple_Request_Query_prameters" time="1.943"/>
  <system-out/>
</testsuite> <!-- restApiParameters.Multiple_req_param -->
