<?xml version="1.0" encoding="UTF-8"?>
<!-- Generated by org.testng.reporters.JUnitReportReporter -->
<testsuite hostname="LAPTOP-DOBLN3AU" failures="0" tests="1" name="restlogging.Log_ALLDetails" time="3.916" errors="0" timestamp="2021-12-05T17:49:36 IST" skipped="0">
  <testcase classname="restlogging.Log_ALLDetails" name="log_all_details" time="3.916"/>
  <system-out/>
</testsuite> <!-- restlogging.Log_ALLDetails -->
