<?xml version="1.0" encoding="UTF-8"?>
<!-- Generated by org.testng.reporters.JUnitReportReporter -->
<testsuite hostname="LAPTOP-DOBLN3AU" failures="0" tests="1" name="com.rest.logging.LoggingOnlyonErrors" time="2.032" errors="0" timestamp="2021-11-27T15:43:23 IST" skipped="0">
  <testcase classname="com.rest.logging.LoggingOnlyonErrors" name="validate_logging" time="2.032"/>
  <system-out/>
</testsuite> <!-- com.rest.logging.LoggingOnlyonErrors -->
