<?xml version="1.0" encoding="UTF-8"?>
<!-- Generated by org.testng.reporters.JUnitReportReporter -->
<testsuite hostname="LAPTOP-DOBLN3AU" failures="0" tests="1" name="com.rest.instructor.Lesson3.Assert_Extracted_Response_HAMCREST" time="2.872" errors="0" timestamp="2021-11-27T14:28:48 IST" skipped="0">
  <testcase classname="com.rest.instructor.Lesson3.Assert_Extracted_Response_HAMCREST" name="extract_response" time="2.872"/>
  <system-out/>
</testsuite> <!-- com.rest.instructor.Lesson3.Assert_Extracted_Response_HAMCREST -->
