<?xml version="1.0" encoding="UTF-8"?>
<!-- Generated by org.testng.reporters.JUnitReportReporter -->
<testsuite hostname="LAPTOP-DOBLN3AU" failures="0" tests="1" name="com.restapi.hamcrestmethods.HasKeymethod" time="2.735" errors="0" timestamp="2021-11-27T15:10:19 IST" skipped="0">
  <testcase classname="com.restapi.hamcrestmethods.HasKeymethod" name="EveryItemstartswithmethod" time="2.735"/>
  <system-out/>
</testsuite> <!-- com.restapi.hamcrestmethods.HasKeymethod -->
