<?xml version="1.0" encoding="UTF-8"?>
<!-- Generated by org.testng.reporters.JUnitReportReporter -->
<testsuite hostname="LAPTOP-DOBLN3AU" failures="0" tests="1" name="com.rest.logging.RequestResponseLogging" time="2.226" errors="0" timestamp="2021-11-27T15:37:12 IST" skipped="0">
  <testcase classname="com.rest.logging.RequestResponseLogging" name="validate_get_status_code" time="2.226"/>
  <system-out/>
</testsuite> <!-- com.rest.logging.RequestResponseLogging -->
