<?xml version="1.0" encoding="UTF-8"?>
<!-- Generated by org.testng.reporters.JUnitReportReporter -->
<testsuite hostname="LAPTOP-DOBLN3AU" failures="0" tests="3" name="restApiGET.ExtractSingleValueResponse2" time="8.755" errors="0" timestamp="2021-12-06T12:14:45 IST" skipped="0">
  <testcase classname="restApiGET.ExtractSingleValueResponse2" name="ExtractResponseSingle_value" time="2.116"/>
  <system-out/>
  <testcase classname="restApiGET.ExtractSingleValueResponse2" name="ExtractResponseJsonPathmethods" time="1.909"/>
  <system-out/>
  <testcase classname="restApiGET.ExtractSingleValueResponse2" name="ExtractResponseJsonPathObject" time="4.730"/>
  <system-out/>
</testsuite> <!-- restApiGET.ExtractSingleValueResponse2 -->
