<?xml version="1.0" encoding="UTF-8"?>
<!-- Generated by org.testng.reporters.JUnitReportReporter -->
<testsuite hostname="LAPTOP-DOBLN3AU" failures="0" tests="1" name="com.rest.instructor.Lesson3.ExtractValue_fromRESPONSE" time="2.603" errors="0" timestamp="2021-11-27T12:38:37 IST" skipped="0">
  <testcase classname="com.rest.instructor.Lesson3.ExtractValue_fromRESPONSE" name="extract_response" time="2.603"/>
  <system-out/>
</testsuite> <!-- com.rest.instructor.Lesson3.ExtractValue_fromRESPONSE -->
