<?xml version="1.0" encoding="UTF-8"?>
<!-- Generated by org.testng.reporters.JUnitReportReporter -->
<testsuite hostname="LAPTOP-DOBLN3AU" failures="0" tests="1" name="com.rest.instructor.Lesson3.AssertResponse" time="2.639" errors="0" timestamp="2021-11-27T12:17:19 IST" skipped="0">
  <testcase classname="com.rest.instructor.Lesson3.AssertResponse" name="validate_response_body" time="2.639"/>
  <system-out/>
</testsuite> <!-- com.rest.instructor.Lesson3.AssertResponse -->
