<?xml version="1.0" encoding="UTF-8"?>
<!-- Generated by org.testng.reporters.JUnitReportReporter -->
<testsuite hostname="LAPTOP-DOBLN3AU" failures="0" tests="2" name="requestSpecification.ReqSpecificationDemo" time="5.937" errors="0" timestamp="2021-12-06T07:18:50 IST" skipped="0">
  <testcase classname="requestSpecification.ReqSpecificationDemo" name="ValidateStatusBody" time="3.725"/>
  <system-out/>
  <testcase classname="requestSpecification.ReqSpecificationDemo" name="ValidateStatusCode" time="2.212"/>
  <system-out/>
</testsuite> <!-- requestSpecification.ReqSpecificationDemo -->
