<?xml version="1.0" encoding="UTF-8"?>
<!-- Generated by org.testng.reporters.JUnitReportReporter -->
<testsuite hostname="LAPTOP-DOBLN3AU" failures="0" tests="1" name="com.rest.logging.LogReqHeaderRespBody" time="2.430" errors="0" timestamp="2021-11-27T15:41:15 IST" skipped="0">
  <testcase classname="com.rest.logging.LogReqHeaderRespBody" name="validate_logging" time="2.430"/>
  <system-out/>
</testsuite> <!-- com.rest.logging.LogReqHeaderRespBody -->
