<?xml version="1.0" encoding="UTF-8"?>
<!-- Generated by org.testng.reporters.JUnitReportReporter -->
<testsuite hostname="LAPTOP-DOBLN3AU" failures="0" tests="1" name="restlogging.Log_cookies_headers" time="3.410" errors="0" timestamp="2021-12-05T17:55:14 IST" skipped="0">
  <testcase classname="restlogging.Log_cookies_headers" name="log__cookies_headers" time="3.410"/>
  <system-out/>
</testsuite> <!-- restlogging.Log_cookies_headers -->
