<?xml version="1.0" encoding="UTF-8"?>
<!-- Generated by org.testng.reporters.JUnitReportReporter -->
<testsuite hostname="LAPTOP-DOBLN3AU" failures="0" tests="1" name="restAPiPOST.POSTRequest" time="3.161" errors="0" timestamp="2021-12-04T18:16:00 IST" skipped="0">
  <testcase classname="restAPiPOST.POSTRequest" name="postrequest" time="3.161"/>
  <system-out/>
</testsuite> <!-- restAPiPOST.POSTRequest -->
