<?xml version="1.0" encoding="UTF-8"?>
<!-- Generated by org.testng.reporters.JUnitReportReporter -->
<testsuite hostname="LAPTOP-DOBLN3AU" failures="0" tests="1" name="restlogging.Log_body_Header" time="3.303" errors="0" timestamp="2021-12-05T17:52:55 IST" skipped="0">
  <testcase classname="restlogging.Log_body_Header" name="log_body_or_header" time="3.303"/>
  <system-out/>
</testsuite> <!-- restlogging.Log_body_Header -->
