<?xml version="1.0" encoding="UTF-8"?>
<!-- Generated by org.testng.reporters.JUnitReportReporter -->
<testsuite hostname="LAPTOP-DOBLN3AU" failures="0" tests="1" name="exportToExcelTestNG.Testcase1" time="0.010" errors="0" timestamp="18 Oct 2021 09:02:37 GMT" skipped="0">
  <testcase classname="exportToExcelTestNG.Testcase1" name="testOne" time="0.010"/>
</testsuite> <!-- exportToExcelTestNG.Testcase1 -->
