<?xml version="1.0" encoding="UTF-8"?>
<!-- Generated by org.testng.reporters.JUnitReportReporter -->
<testsuite hostname="LAPTOP-DOBLN3AU" failures="0" tests="1" name="restApiBegin.ExtractResponseData" time="3.713" errors="0" timestamp="2021-12-04T13:34:45 IST" skipped="0">
  <testcase classname="restApiBegin.ExtractResponseData" name="validateResponseBody" time="3.713"/>
  <system-out/>
</testsuite> <!-- restApiBegin.ExtractResponseData -->
