<?xml version="1.0" encoding="UTF-8"?>
<!-- Generated by org.testng.reporters.JUnitReportReporter -->
<testsuite hostname="LAPTOP-DOBLN3AU" failures="0" tests="1" name="com.restapi.hamcrestmethods.HasValueMethod" time="2.603" errors="0" timestamp="2021-11-27T15:18:02 IST" skipped="0">
  <testcase classname="com.restapi.hamcrestmethods.HasValueMethod" name="EveryItemstartswithmethod" time="2.603"/>
  <system-out/>
</testsuite> <!-- com.restapi.hamcrestmethods.HasValueMethod -->
