<?xml version="1.0" encoding="UTF-8"?>
<!-- Generated by org.testng.reporters.JUnitReportReporter -->
<testsuite hostname="LAPTOP-DOBLN3AU" failures="0" tests="1" name="com.restapi.hamcrestmethods.IsNotEmptyMethod" time="3.142" errors="0" timestamp="2021-11-27T14:57:02 IST" skipped="0">
  <testcase classname="com.restapi.hamcrestmethods.IsNotEmptyMethod" name="ContainsStringmethod" time="3.142"/>
  <system-out/>
</testsuite> <!-- com.restapi.hamcrestmethods.IsNotEmptyMethod -->
