<?xml version="1.0" encoding="UTF-8"?>
<!-- Generated by org.testng.reporters.JUnitReportReporter -->
<testsuite hostname="LAPTOP-DOBLN3AU" failures="0" tests="1" name="restAPiPOST.POSTRequestusingJSONdata" time="2.964" errors="0" timestamp="2021-12-04T18:43:36 IST" skipped="0">
  <testcase classname="restAPiPOST.POSTRequestusingJSONdata" name="postrequest_usingJson" time="2.964"/>
  <system-out/>
</testsuite> <!-- restAPiPOST.POSTRequestusingJSONdata -->
