<?xml version="1.0" encoding="UTF-8"?>
<!-- Generated by org.testng.reporters.JUnitReportReporter -->
<testsuite hostname="LAPTOP-DOBLN3AU" failures="0" tests="1" name="com.rest.instructor.Lesson3.AutomateGet" time="2.146" errors="0" timestamp="2021-11-27T15:15:20 IST" skipped="0">
  <testcase classname="com.rest.instructor.Lesson3.AutomateGet" name="validate_get_status_code" time="2.146"/>
  <system-out/>
</testsuite> <!-- com.rest.instructor.Lesson3.AutomateGet -->
