<?xml version="1.0" encoding="UTF-8"?>
<!-- Generated by org.testng.reporters.JUnitReportReporter -->
<testsuite hostname="LAPTOP-DOBLN3AU" failures="0" tests="1" name="com.rest.instructor.Lesson3.Extract_ResponseForAssertion" time="2.177" errors="0" timestamp="2021-11-27T14:20:45 IST" skipped="0">
  <testcase classname="com.rest.instructor.Lesson3.Extract_ResponseForAssertion" name="extract_response" time="2.177"/>
  <system-out/>
</testsuite> <!-- com.rest.instructor.Lesson3.Extract_ResponseForAssertion -->
