<?xml version="1.0" encoding="UTF-8"?>
<!-- Generated by org.testng.reporters.JUnitReportReporter -->
<testsuite hostname="LAPTOP-DOBLN3AU" failures="0" tests="1" name="projectwork.Putreq" time="2.479" errors="0" timestamp="2021-12-07T09:35:59 IST" skipped="0">
  <testcase classname="projectwork.Putreq" name="put_request_using_json_object" time="2.479"/>
  <system-out/>
</testsuite> <!-- projectwork.Putreq -->
