<?xml version="1.0" encoding="UTF-8"?>
<!-- Generated by org.testng.reporters.JUnitReportReporter -->
<testsuite hostname="LAPTOP-DOBLN3AU" failures="0" tests="1" name="restApiParameters.Requestparamters1" time="3.510" errors="0" timestamp="2021-12-05T19:36:04 IST" skipped="0">
  <testcase classname="restApiParameters.Requestparamters1" name="Request_Query_prameters" time="3.510"/>
  <system-out/>
</testsuite> <!-- restApiParameters.Requestparamters1 -->
