<?xml version="1.0" encoding="UTF-8"?>
<!-- Generated by org.testng.reporters.JUnitReportReporter -->
<testsuite hostname="LAPTOP-DOBLN3AU" failures="0" tests="2" name="restApiGET.ValidateResponse" time="6.151" errors="0" timestamp="2021-12-06T11:34:46 IST" skipped="0">
  <testcase classname="restApiGET.ValidateResponse" name="validateResponseBody" time="1.951"/>
  <system-out/>
  <testcase classname="restApiGET.ValidateResponse" name="ValidateBody_hasItems" time="4.200"/>
  <system-out/>
</testsuite> <!-- restApiGET.ValidateResponse -->
