<?xml version="1.0" encoding="UTF-8"?>
<!-- Generated by org.testng.reporters.JUnitReportReporter -->
<testsuite hostname="LAPTOP-DOBLN3AU" failures="0" tests="1" name="restApiBegin.ExtractSingleValueResponse2" time="4.455" errors="0" timestamp="2021-12-04T16:55:29 IST" skipped="0">
  <testcase classname="restApiBegin.ExtractSingleValueResponse2" name="ExtractResponseSingle_value" time="4.455"/>
  <system-out/>
</testsuite> <!-- restApiBegin.ExtractSingleValueResponse2 -->
