<?xml version="1.0" encoding="UTF-8"?>
<!-- Generated by org.testng.reporters.JUnitReportReporter -->
<testsuite hostname="LAPTOP-DOBLN3AU" failures="0" tests="1" name="com.restapi.hamcrestmethods.HasEntrymethod" time="2.662" errors="0" timestamp="2021-11-27T15:23:31 IST" skipped="0">
  <testcase classname="com.restapi.hamcrestmethods.HasEntrymethod" name="EveryItemstartswithmethod" time="2.662"/>
  <system-out/>
</testsuite> <!-- com.restapi.hamcrestmethods.HasEntrymethod -->
