<?xml version="1.0" encoding="UTF-8"?>
<!-- Generated by org.testng.reporters.JUnitReportReporter -->
<testsuite hostname="LAPTOP-DOBLN3AU" failures="0" tests="1" name="com.rest.instructor.Lesson3.SetupCheck" time="0.738" errors="0" timestamp="2021-12-06T11:02:59 IST" skipped="0">
  <testcase classname="com.rest.instructor.Lesson3.SetupCheck" name="setup" time="0.738"/>
  <system-out/>
</testsuite> <!-- com.rest.instructor.Lesson3.SetupCheck -->
